{"total": {"lines":{"total":378,"covered":198,"skipped":0,"pct":52.38},"statements":{"total":403,"covered":218,"skipped":0,"pct":54.09},"functions":{"total":58,"covered":31,"skipped":0,"pct":53.44},"branches":{"total":101,"covered":60,"skipped":0,"pct":59.4},"branchesTrue":{"total":0,"covered":0,"skipped":0,"pct":100}}
,"C:\\SIGCERH\\backend\\src\\middleware\\auth.middleware.ts": {"lines":{"total":55,"covered":47,"skipped":0,"pct":85.45},"functions":{"total":2,"covered":2,"skipped":0,"pct":100},"statements":{"total":57,"covered":49,"skipped":0,"pct":85.96},"branches":{"total":17,"covered":14,"skipped":0,"pct":82.35}}
,"C:\\SIGCERH\\backend\\src\\middleware\\authorization.middleware.ts": {"lines":{"total":48,"covered":46,"skipped":0,"pct":95.83},"functions":{"total":10,"covered":10,"skipped":0,"pct":100},"statements":{"total":55,"covered":53,"skipped":0,"pct":96.36},"branches":{"total":10,"covered":10,"skipped":0,"pct":100}}
,"C:\\SIGCERH\\backend\\src\\modules\\auth\\auth.controller.ts": {"lines":{"total":57,"covered":0,"skipped":0,"pct":0},"functions":{"total":8,"covered":0,"skipped":0,"pct":0},"statements":{"total":57,"covered":0,"skipped":0,"pct":0},"branches":{"total":15,"covered":0,"skipped":0,"pct":0}}
,"C:\\SIGCERH\\backend\\src\\modules\\auth\\auth.routes.ts": {"lines":{"total":9,"covered":0,"skipped":0,"pct":0},"functions":{"total":0,"covered":0,"skipped":0,"pct":100},"statements":{"total":9,"covered":0,"skipped":0,"pct":0},"branches":{"total":0,"covered":0,"skipped":0,"pct":100}}
,"C:\\SIGCERH\\backend\\src\\modules\\auth\\auth.service.ts": {"lines":{"total":94,"covered":81,"skipped":0,"pct":86.17},"functions":{"total":16,"covered":14,"skipped":0,"pct":87.5},"statements":{"total":96,"covered":83,"skipped":0,"pct":86.45},"branches":{"total":47,"covered":35,"skipped":0,"pct":74.46}}
,"C:\\SIGCERH\\backend\\src\\modules\\auth\\dtos.ts": {"lines":{"total":15,"covered":0,"skipped":0,"pct":0},"functions":{"total":3,"covered":0,"skipped":0,"pct":0},"statements":{"total":15,"covered":0,"skipped":0,"pct":0},"branches":{"total":1,"covered":0,"skipped":0,"pct":0}}
,"C:\\SIGCERH\\backend\\src\\modules\\auth\\roles.controller.ts": {"lines":{"total":46,"covered":0,"skipped":0,"pct":0},"functions":{"total":9,"covered":0,"skipped":0,"pct":0},"statements":{"total":47,"covered":0,"skipped":0,"pct":0},"branches":{"total":4,"covered":0,"skipped":0,"pct":0}}
,"C:\\SIGCERH\\backend\\src\\modules\\auth\\roles.routes.ts": {"lines":{"total":6,"covered":0,"skipped":0,"pct":0},"functions":{"total":0,"covered":0,"skipped":0,"pct":100},"statements":{"total":6,"covered":0,"skipped":0,"pct":0},"branches":{"total":0,"covered":0,"skipped":0,"pct":100}}
,"C:\\SIGCERH\\backend\\src\\modules\\auth\\utils\\bcrypt.utils.ts": {"lines":{"total":21,"covered":8,"skipped":0,"pct":38.09},"functions":{"total":4,"covered":2,"skipped":0,"pct":50},"statements":{"total":26,"covered":11,"skipped":0,"pct":42.3},"branches":{"total":1,"covered":0,"skipped":0,"pct":0}}
,"C:\\SIGCERH\\backend\\src\\modules\\auth\\utils\\jwt.utils.ts": {"lines":{"total":27,"covered":16,"skipped":0,"pct":59.25},"functions":{"total":6,"covered":3,"skipped":0,"pct":50},"statements":{"total":35,"covered":22,"skipped":0,"pct":62.85},"branches":{"total":6,"covered":1,"skipped":0,"pct":16.66}}
}
