TN:
SF:src\modules\academico\anios-lectivos.service.ts
FN:15,(anonymous_0)
FN:38,(anonymous_1)
FN:51,(anonymous_2)
FN:73,(anonymous_3)
FN:131,(anonymous_4)
FN:188,(anonymous_5)
FNF:6
FNH:6
FNDA:3,(anonymous_0)
FNDA:3,(anonymous_1)
FNDA:2,(anonymous_2)
FNDA:6,(anonymous_3)
FNDA:4,(anonymous_4)
FNDA:2,(anonymous_5)
DA:5,1
DA:6,1
DA:9,1
DA:11,1
DA:17,3
DA:21,3
DA:22,1
DA:25,2
DA:29,2
DA:30,1
DA:33,2
DA:38,3
DA:52,2
DA:56,2
DA:57,1
DA:60,1
DA:75,6
DA:76,2
DA:80,4
DA:84,4
DA:85,1
DA:89,3
DA:96,3
DA:97,1
DA:101,2
DA:102,2
DA:104,2
DA:116,2
DA:118,2
DA:132,4
DA:136,4
DA:137,1
DA:141,3
DA:142,1
DA:146,2
DA:147,1
DA:155,1
DA:156,1
DA:161,1
DA:163,1
DA:164,1
DA:165,1
DA:166,1
DA:168,1
DA:173,1
DA:175,1
DA:189,2
DA:193,2
DA:194,1
DA:197,1
DA:202,1
DA:206,1
LF:52
LH:52
BRDA:15,0,0,2
BRDA:21,1,0,1
BRDA:29,2,0,1
BRDA:56,3,0,1
BRDA:75,4,0,2
BRDA:75,5,0,6
BRDA:75,5,1,5
BRDA:84,6,0,1
BRDA:96,7,0,1
BRDA:101,8,0,2
BRDA:101,8,1,1
BRDA:102,9,0,2
BRDA:102,9,1,1
BRDA:136,10,0,1
BRDA:141,11,0,1
BRDA:141,12,0,3
BRDA:141,12,1,2
BRDA:141,12,2,2
BRDA:146,13,0,1
BRDA:146,14,0,2
BRDA:146,14,1,1
BRDA:155,15,0,1
BRDA:163,16,0,0
BRDA:164,17,0,1
BRDA:165,18,0,0
BRDA:166,19,0,1
BRDA:193,20,0,1
BRF:27
BRH:25
end_of_record
TN:
SF:src\modules\academico\areas-curriculares.service.ts
FN:15,(anonymous_0)
FN:38,(anonymous_1)
FN:51,(anonymous_2)
FN:73,(anonymous_3)
FN:135,(anonymous_4)
FN:188,(anonymous_5)
FNF:6
FNH:6
FNDA:3,(anonymous_0)
FNDA:5,(anonymous_1)
FNDA:2,(anonymous_2)
FNDA:4,(anonymous_3)
FNDA:4,(anonymous_4)
FNDA:2,(anonymous_5)
DA:5,1
DA:6,1
DA:9,1
DA:11,1
DA:17,3
DA:21,3
DA:22,1
DA:25,2
DA:29,2
DA:30,1
DA:33,2
DA:38,5
DA:52,2
DA:56,2
DA:57,1
DA:60,1
DA:75,4
DA:79,4
DA:80,0
DA:84,4
DA:91,4
DA:92,1
DA:96,3
DA:97,3
DA:98,1
DA:104,1
DA:107,3
DA:120,3
DA:122,3
DA:136,4
DA:140,4
DA:141,1
DA:145,3
DA:146,1
DA:154,1
DA:155,1
DA:160,2
DA:162,2
DA:163,2
DA:164,2
DA:165,2
DA:166,2
DA:168,2
DA:173,2
DA:175,2
DA:189,2
DA:193,2
DA:194,1
DA:197,1
DA:202,1
DA:206,1
LF:51
LH:50
BRDA:15,0,0,2
BRDA:21,1,0,1
BRDA:29,2,0,1
BRDA:56,3,0,1
BRDA:79,4,0,0
BRDA:91,5,0,1
BRDA:96,6,0,3
BRDA:96,6,1,1
BRDA:97,7,0,1
BRDA:104,8,0,1
BRDA:104,8,1,0
BRDA:112,9,0,3
BRDA:112,9,1,2
BRDA:140,10,0,1
BRDA:145,11,0,1
BRDA:145,12,0,3
BRDA:145,12,1,1
BRDA:154,13,0,1
BRDA:162,14,0,0
BRDA:163,15,0,1
BRDA:164,16,0,1
BRDA:165,17,0,1
BRDA:166,18,0,1
BRDA:193,19,0,1
BRF:24
BRH:21
end_of_record
TN:
SF:src\modules\academico\curriculo-grado.service.ts
FN:32,(anonymous_0)
FN:84,(anonymous_1)
FN:104,(anonymous_2)
FN:122,(anonymous_3)
FN:185,(anonymous_4)
FN:194,(anonymous_5)
FN:205,(anonymous_6)
FN:225,(anonymous_7)
FN:249,(anonymous_8)
FN:269,(anonymous_9)
FNF:10
FNH:10
FNDA:5,(anonymous_0)
FNDA:2,(anonymous_1)
FNDA:2,(anonymous_2)
FNDA:5,(anonymous_3)
FNDA:3,(anonymous_4)
FNDA:3,(anonymous_5)
FNDA:2,(anonymous_6)
FNDA:1,(anonymous_7)
FNDA:2,(anonymous_8)
FNDA:2,(anonymous_9)
DA:6,1
DA:7,1
DA:9,1
DA:27,1
DA:33,5
DA:36,5
DA:40,5
DA:41,1
DA:45,4
DA:49,4
DA:50,1
DA:54,3
DA:55,4
DA:59,4
DA:60,1
DA:64,3
DA:65,1
DA:75,1
DA:83,1
DA:85,2
DA:100,1
DA:104,2
DA:124,5
DA:128,5
DA:129,1
DA:133,4
DA:140,4
DA:141,1
DA:145,3
DA:152,3
DA:153,1
DA:157,2
DA:171,2
DA:172,1
DA:175,1
DA:185,3
DA:194,3
DA:206,2
DA:211,2
DA:212,1
DA:215,2
DA:225,2
DA:250,2
DA:254,2
DA:255,1
DA:258,1
DA:263,1
DA:270,2
DA:274,2
DA:275,1
DA:278,1
DA:283,1
DA:287,1
LF:53
LH:53
BRDA:40,0,0,1
BRDA:49,1,0,1
BRDA:59,2,0,1
BRDA:64,3,0,1
BRDA:128,4,0,1
BRDA:140,5,0,1
BRDA:152,6,0,1
BRDA:171,7,0,1
BRDA:211,8,0,1
BRDA:254,9,0,1
BRDA:274,10,0,1
BRF:11
BRH:11
end_of_record
TN:
SF:src\modules\academico\grados.service.ts
FN:15,(anonymous_0)
FN:51,(anonymous_1)
FN:69,(anonymous_2)
FN:99,(anonymous_3)
FN:189,(anonymous_4)
FN:267,(anonymous_5)
FN:287,(anonymous_6)
FNF:7
FNH:7
FNDA:4,(anonymous_0)
FNDA:5,(anonymous_1)
FNDA:2,(anonymous_2)
FNDA:4,(anonymous_3)
FNDA:3,(anonymous_4)
FNDA:2,(anonymous_5)
FNDA:2,(anonymous_6)
DA:5,1
DA:6,1
DA:9,1
DA:11,1
DA:17,4
DA:21,4
DA:22,1
DA:25,3
DA:29,3
DA:30,1
DA:33,3
DA:34,1
DA:37,3
DA:51,5
DA:70,2
DA:77,2
DA:78,1
DA:81,1
DA:101,4
DA:105,4
DA:106,0
DA:110,4
DA:111,3
DA:115,3
DA:116,1
DA:121,3
DA:128,3
DA:129,1
DA:133,2
DA:134,2
DA:135,1
DA:142,1
DA:145,2
DA:156,2
DA:157,2
DA:162,2
DA:169,2
DA:171,2
DA:190,3
DA:194,3
DA:195,1
DA:199,2
DA:200,0
DA:204,0
DA:205,0
DA:210,2
DA:211,1
DA:219,1
DA:220,1
DA:225,1
DA:227,1
DA:228,1
DA:229,1
DA:230,1
DA:231,1
DA:233,1
DA:234,0
DA:239,1
DA:247,1
DA:249,1
DA:268,2
DA:272,2
DA:273,1
DA:276,1
DA:281,1
DA:289,2
DA:293,2
DA:294,0
DA:297,2
DA:304,2
DA:305,1
DA:308,1
DA:317,1
LF:73
LH:67
BRDA:15,0,0,3
BRDA:21,1,0,1
BRDA:29,2,0,1
BRDA:33,3,0,1
BRDA:58,4,0,5
BRDA:58,4,1,0
BRDA:77,5,0,1
BRDA:88,6,0,1
BRDA:88,6,1,0
BRDA:105,7,0,0
BRDA:110,8,0,3
BRDA:115,9,0,1
BRDA:128,10,0,1
BRDA:133,11,0,2
BRDA:133,11,1,1
BRDA:134,12,0,1
BRDA:138,13,0,1
BRDA:138,13,1,0
BRDA:142,14,0,1
BRDA:142,14,1,0
BRDA:148,15,0,2
BRDA:148,15,1,0
BRDA:156,16,0,2
BRDA:178,17,0,2
BRDA:178,17,1,0
BRDA:194,18,0,1
BRDA:199,19,0,0
BRDA:204,20,0,0
BRDA:210,21,0,1
BRDA:210,22,0,2
BRDA:210,22,1,1
BRDA:219,23,0,1
BRDA:227,24,0,0
BRDA:228,25,0,1
BRDA:229,26,0,0
BRDA:230,27,0,0
BRDA:231,28,0,1
BRDA:233,29,0,0
BRDA:256,30,0,1
BRDA:256,30,1,0
BRDA:272,31,0,1
BRDA:293,32,0,0
BRDA:304,33,0,1
BRF:43
BRH:28
end_of_record
